[0.376s] Invoking command in '/home/utkarsh/ros2_ws/build/my_robot_controller': PYTHONPATH=/home/utkarsh/ros2_ws/build/my_robot_controller/prefix_override:/usr/lib/python3/dist-packages/colcon_core/task/python/colcon_distutils_commands:/home/utkarsh/ros2_ws/install/my_robot_controller/lib/python3.10/site-packages:${PYTHONPATH} /usr/bin/python3 -W ignore:setup.py install is deprecated setup.py develop --editable --build-directory /home/utkarsh/ros2_ws/build/my_robot_controller/build --no-deps symlink_data
[0.539s] running develop
[0.632s] running egg_info
[0.632s] writing my_robot_controller.egg-info/PKG-INFO
[0.633s] writing dependency_links to my_robot_controller.egg-info/dependency_links.txt
[0.633s] writing entry points to my_robot_controller.egg-info/entry_points.txt
[0.633s] writing requirements to my_robot_controller.egg-info/requires.txt
[0.633s] writing top-level names to my_robot_controller.egg-info/top_level.txt
[0.634s] reading manifest file 'my_robot_controller.egg-info/SOURCES.txt'
[0.634s] writing manifest file 'my_robot_controller.egg-info/SOURCES.txt'
[0.635s] running build_ext
[0.635s] Creating /home/utkarsh/ros2_ws/install/my_robot_controller/lib/python3.10/site-packages/my-robot-controller.egg-link (link to .)
[0.636s] Installing draw_circle script to /home/utkarsh/ros2_ws/install/my_robot_controller/lib/my_robot_controller
[0.636s] Installing pose_subscriber script to /home/utkarsh/ros2_ws/install/my_robot_controller/lib/my_robot_controller
[0.636s] Installing test_node script to /home/utkarsh/ros2_ws/install/my_robot_controller/lib/my_robot_controller
[0.636s] Installing turtle_controller script to /home/utkarsh/ros2_ws/install/my_robot_controller/lib/my_robot_controller
[0.636s] 
[0.636s] Installed /home/utkarsh/ros2_ws/build/my_robot_controller
[0.636s] running symlink_data
[0.654s] Invoked command in '/home/utkarsh/ros2_ws/build/my_robot_controller' returned '0': PYTHONPATH=/home/utkarsh/ros2_ws/build/my_robot_controller/prefix_override:/usr/lib/python3/dist-packages/colcon_core/task/python/colcon_distutils_commands:/home/utkarsh/ros2_ws/install/my_robot_controller/lib/python3.10/site-packages:${PYTHONPATH} /usr/bin/python3 -W ignore:setup.py install is deprecated setup.py develop --editable --build-directory /home/utkarsh/ros2_ws/build/my_robot_controller/build --no-deps symlink_data
