[0.369s] Invoking command in '/home/utkarsh/ros2_ws/src/my_robot_controller': PYTHONPATH=/home/utkarsh/ros2_ws/build/my_robot_controller/prefix_override:/usr/lib/python3/dist-packages/colcon_core/task/python/colcon_distutils_commands:/home/utkarsh/ros2_ws/install/my_robot_controller/lib/python3.10/site-packages:${PYTHONPATH} /usr/bin/python3 -W ignore:setup.py install is deprecated setup.py egg_info --egg-base ../../build/my_robot_controller build --build-base /home/utkarsh/ros2_ws/build/my_robot_controller/build install --record /home/utkarsh/ros2_ws/build/my_robot_controller/install.log --single-version-externally-managed install_data
[0.516s] running egg_info
[0.517s] writing ../../build/my_robot_controller/my_robot_controller.egg-info/PKG-INFO
[0.517s] writing dependency_links to ../../build/my_robot_controller/my_robot_controller.egg-info/dependency_links.txt
[0.517s] writing entry points to ../../build/my_robot_controller/my_robot_controller.egg-info/entry_points.txt
[0.517s] writing requirements to ../../build/my_robot_controller/my_robot_controller.egg-info/requires.txt
[0.517s] writing top-level names to ../../build/my_robot_controller/my_robot_controller.egg-info/top_level.txt
[0.518s] reading manifest file '../../build/my_robot_controller/my_robot_controller.egg-info/SOURCES.txt'
[0.519s] writing manifest file '../../build/my_robot_controller/my_robot_controller.egg-info/SOURCES.txt'
[0.519s] running build
[0.519s] running build_py
[0.519s] copying my_robot_controller/my_first_node.py -> /home/utkarsh/ros2_ws/build/my_robot_controller/build/lib/my_robot_controller
[0.519s] running install
[0.519s] running install_lib
[0.519s] copying /home/utkarsh/ros2_ws/build/my_robot_controller/build/lib/my_robot_controller/my_first_node.py -> /home/utkarsh/ros2_ws/install/my_robot_controller/lib/python3.10/site-packages/my_robot_controller
[0.520s] byte-compiling /home/utkarsh/ros2_ws/install/my_robot_controller/lib/python3.10/site-packages/my_robot_controller/my_first_node.py to my_first_node.cpython-310.pyc
[0.520s] running install_data
[0.520s] running install_egg_info
[0.521s] removing '/home/utkarsh/ros2_ws/install/my_robot_controller/lib/python3.10/site-packages/my_robot_controller-0.0.0-py3.10.egg-info' (and everything under it)
[0.521s] Copying ../../build/my_robot_controller/my_robot_controller.egg-info to /home/utkarsh/ros2_ws/install/my_robot_controller/lib/python3.10/site-packages/my_robot_controller-0.0.0-py3.10.egg-info
[0.522s] running install_scripts
[0.534s] writing list of installed files to '/home/utkarsh/ros2_ws/build/my_robot_controller/install.log'
[0.548s] Invoked command in '/home/utkarsh/ros2_ws/src/my_robot_controller' returned '0': PYTHONPATH=/home/utkarsh/ros2_ws/build/my_robot_controller/prefix_override:/usr/lib/python3/dist-packages/colcon_core/task/python/colcon_distutils_commands:/home/utkarsh/ros2_ws/install/my_robot_controller/lib/python3.10/site-packages:${PYTHONPATH} /usr/bin/python3 -W ignore:setup.py install is deprecated setup.py egg_info --egg-base ../../build/my_robot_controller build --build-base /home/utkarsh/ros2_ws/build/my_robot_controller/build install --record /home/utkarsh/ros2_ws/build/my_robot_controller/install.log --single-version-externally-managed install_data
