[0.350s] Invoking command in '/home/utkarsh/ros2_ws/src/my_robot_controller': PYTHONPATH=/home/utkarsh/ros2_ws/build/my_robot_controller/prefix_override:/usr/lib/python3/dist-packages/colcon_core/task/python/colcon_distutils_commands:/home/utkarsh/ros2_ws/install/my_robot_controller/lib/python3.10/site-packages:${PYTHONPATH} /usr/bin/python3 -W ignore:setup.py install is deprecated setup.py egg_info --egg-base ../../build/my_robot_controller build --build-base /home/utkarsh/ros2_ws/build/my_robot_controller/build install --record /home/utkarsh/ros2_ws/build/my_robot_controller/install.log --single-version-externally-managed install_data
[0.486s] running egg_info
[0.486s] creating ../../build/my_robot_controller/my_robot_controller.egg-info
[0.487s] writing ../../build/my_robot_controller/my_robot_controller.egg-info/PKG-INFO
[0.487s] writing dependency_links to ../../build/my_robot_controller/my_robot_controller.egg-info/dependency_links.txt
[0.487s] writing entry points to ../../build/my_robot_controller/my_robot_controller.egg-info/entry_points.txt
[0.487s] writing requirements to ../../build/my_robot_controller/my_robot_controller.egg-info/requires.txt
[0.487s] writing top-level names to ../../build/my_robot_controller/my_robot_controller.egg-info/top_level.txt
[0.487s] writing manifest file '../../build/my_robot_controller/my_robot_controller.egg-info/SOURCES.txt'
[0.488s] reading manifest file '../../build/my_robot_controller/my_robot_controller.egg-info/SOURCES.txt'
[0.488s] writing manifest file '../../build/my_robot_controller/my_robot_controller.egg-info/SOURCES.txt'
[0.488s] running build
[0.488s] running build_py
[0.489s] creating /home/utkarsh/ros2_ws/build/my_robot_controller/build
[0.489s] creating /home/utkarsh/ros2_ws/build/my_robot_controller/build/lib
[0.489s] creating /home/utkarsh/ros2_ws/build/my_robot_controller/build/lib/my_robot_controller
[0.489s] copying my_robot_controller/__init__.py -> /home/utkarsh/ros2_ws/build/my_robot_controller/build/lib/my_robot_controller
[0.489s] running install
[0.489s] running install_lib
[0.489s] creating /home/utkarsh/ros2_ws/install/my_robot_controller/lib/python3.10/site-packages/my_robot_controller
[0.489s] copying /home/utkarsh/ros2_ws/build/my_robot_controller/build/lib/my_robot_controller/__init__.py -> /home/utkarsh/ros2_ws/install/my_robot_controller/lib/python3.10/site-packages/my_robot_controller
[0.490s] byte-compiling /home/utkarsh/ros2_ws/install/my_robot_controller/lib/python3.10/site-packages/my_robot_controller/__init__.py to __init__.cpython-310.pyc
[0.490s] running install_data
[0.490s] creating /home/utkarsh/ros2_ws/install/my_robot_controller/share/ament_index
[0.490s] creating /home/utkarsh/ros2_ws/install/my_robot_controller/share/ament_index/resource_index
[0.490s] creating /home/utkarsh/ros2_ws/install/my_robot_controller/share/ament_index/resource_index/packages
[0.490s] copying resource/my_robot_controller -> /home/utkarsh/ros2_ws/install/my_robot_controller/share/ament_index/resource_index/packages
[0.490s] copying package.xml -> /home/utkarsh/ros2_ws/install/my_robot_controller/share/my_robot_controller
[0.490s] running install_egg_info
[0.491s] Copying ../../build/my_robot_controller/my_robot_controller.egg-info to /home/utkarsh/ros2_ws/install/my_robot_controller/lib/python3.10/site-packages/my_robot_controller-0.0.0-py3.10.egg-info
[0.491s] running install_scripts
[0.504s] writing list of installed files to '/home/utkarsh/ros2_ws/build/my_robot_controller/install.log'
[0.518s] Invoked command in '/home/utkarsh/ros2_ws/src/my_robot_controller' returned '0': PYTHONPATH=/home/utkarsh/ros2_ws/build/my_robot_controller/prefix_override:/usr/lib/python3/dist-packages/colcon_core/task/python/colcon_distutils_commands:/home/utkarsh/ros2_ws/install/my_robot_controller/lib/python3.10/site-packages:${PYTHONPATH} /usr/bin/python3 -W ignore:setup.py install is deprecated setup.py egg_info --egg-base ../../build/my_robot_controller build --build-base /home/utkarsh/ros2_ws/build/my_robot_controller/build install --record /home/utkarsh/ros2_ws/build/my_robot_controller/install.log --single-version-externally-managed install_data
