[0.367s] Invoking command in '/home/utkarsh/ros2_ws/src/my_robot_controller': PYTHONPATH=/home/utkarsh/ros2_ws/build/my_robot_controller/prefix_override:/usr/lib/python3/dist-packages/colcon_core/task/python/colcon_distutils_commands:/home/utkarsh/ros2_ws/install/my_robot_controller/lib/python3.10/site-packages:${PYTHONPATH} /usr/bin/python3 -W ignore:setup.py install is deprecated setup.py egg_info --egg-base ../../build/my_robot_controller build --build-base /home/utkarsh/ros2_ws/build/my_robot_controller/build install --record /home/utkarsh/ros2_ws/build/my_robot_controller/install.log --single-version-externally-managed install_data
[0.515s] running egg_info
[0.515s] writing ../../build/my_robot_controller/my_robot_controller.egg-info/PKG-INFO
[0.515s] writing dependency_links to ../../build/my_robot_controller/my_robot_controller.egg-info/dependency_links.txt
[0.516s] writing entry points to ../../build/my_robot_controller/my_robot_controller.egg-info/entry_points.txt
[0.516s] writing requirements to ../../build/my_robot_controller/my_robot_controller.egg-info/requires.txt
[0.516s] writing top-level names to ../../build/my_robot_controller/my_robot_controller.egg-info/top_level.txt
[0.516s] reading manifest file '../../build/my_robot_controller/my_robot_controller.egg-info/SOURCES.txt'
[0.517s] writing manifest file '../../build/my_robot_controller/my_robot_controller.egg-info/SOURCES.txt'
[0.517s] running build
[0.517s] running build_py
[0.517s] running install
[0.517s] running install_lib
[0.518s] running install_data
[0.518s] running install_egg_info
[0.519s] removing '/home/utkarsh/ros2_ws/install/my_robot_controller/lib/python3.10/site-packages/my_robot_controller-0.0.0-py3.10.egg-info' (and everything under it)
[0.519s] Copying ../../build/my_robot_controller/my_robot_controller.egg-info to /home/utkarsh/ros2_ws/install/my_robot_controller/lib/python3.10/site-packages/my_robot_controller-0.0.0-py3.10.egg-info
[0.520s] running install_scripts
[0.532s] writing list of installed files to '/home/utkarsh/ros2_ws/build/my_robot_controller/install.log'
[0.546s] Invoked command in '/home/utkarsh/ros2_ws/src/my_robot_controller' returned '0': PYTHONPATH=/home/utkarsh/ros2_ws/build/my_robot_controller/prefix_override:/usr/lib/python3/dist-packages/colcon_core/task/python/colcon_distutils_commands:/home/utkarsh/ros2_ws/install/my_robot_controller/lib/python3.10/site-packages:${PYTHONPATH} /usr/bin/python3 -W ignore:setup.py install is deprecated setup.py egg_info --egg-base ../../build/my_robot_controller build --build-base /home/utkarsh/ros2_ws/build/my_robot_controller/build install --record /home/utkarsh/ros2_ws/build/my_robot_controller/install.log --single-version-externally-managed install_data
